

times in msec
 clock   self+sourced   self:  sourced script
 clock   elapsed:              other lines

000.030  000.030: --- NVIM STARTING ---
001.246  001.216: locale set
002.487  001.240: inits 1
002.533  000.046: window checked
002.543  000.011: parsing arguments
002.678  000.135: expanding arguments
002.847  000.169: inits 2
004.643  001.795: init highlight
004.648  000.005: waiting for UI
007.066  002.418: done waiting for UI
007.299  000.232: initialized screen early for UI
007.728  000.048  000.048: sourcing /usr/share/nvim/archlinux.vim
007.745  000.140  000.092: sourcing /etc/xdg//nvim/sysinit.vim
042.598  000.046  000.046: sourcing /usr/share/vim/vimfiles/ftdetect/PKGBUILD.vim
042.697  000.059  000.059: sourcing /usr/share/vim/vimfiles/ftdetect/conkyrc.vim
042.820  000.081  000.081: sourcing /usr/share/vim/vimfiles/ftdetect/meson.vim
042.877  000.025  000.025: sourcing /usr/share/vim/vimfiles/ftdetect/pullrequest.vim
043.545  000.038  000.038: sourcing /home/dashie/.local/share/nvim/site/pack/packer/start/nvim-treesitter/ftdetect/query.vim
043.601  000.030  000.030: sourcing /home/dashie/.local/share/nvim/site/pack/packer/start/ultisnips/ftdetect/snippets.vim
043.647  000.019  000.019: sourcing /home/dashie/.local/share/nvim/site/pack/packer/start/vim-fugitive/ftdetect/fugitive.vim
043.913  022.785  022.488: sourcing /usr/share/nvim/runtime/filetype.vim
044.485  000.058  000.058: sourcing /usr/share/nvim/runtime/ftplugin.vim
045.577  000.419  000.419: sourcing /usr/share/nvim/runtime/syntax/syncolor.vim
046.219  001.144  000.725: sourcing /usr/share/nvim/runtime/syntax/synload.vim
046.348  001.353  000.209: sourcing /usr/share/nvim/runtime/syntax/syntax.vim
047.017  000.581  000.581: sourcing /usr/share/nvim/runtime/syntax/nosyntax.vim
047.389  000.230  000.230: sourcing /usr/share/nvim/runtime/syntax/syncolor.vim
048.063  000.980  000.751: sourcing /usr/share/nvim/runtime/syntax/synload.vim
048.182  001.792  000.231: sourcing /usr/share/nvim/runtime/syntax/syntax.vim
049.241  000.237  000.237: sourcing /usr/share/nvim/runtime/syntax/syncolor.vim
050.236  000.183  000.183: sourcing /usr/share/nvim/runtime/syntax/syncolor.vim
058.790  010.241  009.821: sourcing /home/dashie/.local/share/nvim/site/pack/packer/start/gruvbox/colors/gruvbox.vim
059.853  000.291  000.291: sourcing /usr/share/nvim/runtime/syntax/syncolor.vim
061.344  000.255  000.255: sourcing /usr/share/nvim/runtime/syntax/syncolor.vim
067.443  008.368  007.822: sourcing /home/dashie/.local/share/nvim/site/pack/packer/start/gruvbox/colors/gruvbox.vim
069.156  000.092  000.092: sourcing /home/dashie/.local/share/nvim/site/pack/packer/start/nvim-tree.lua/plugin/tree.vim
116.512  000.032  000.032: sourcing /home/dashie/.local/share/nvim/site/pack/packer/start/nvim-web-devicons/plugin/nvim-web-devicons.vim
135.505  083.345: sourcing vimrc file(s)
135.568  000.033  000.033: sourcing /usr/share/nvim/runtime/indent.vim
137.972  000.024  000.024: sourcing /home/dashie/.local/share/nvim/site/pack/packer/start/nvim-treesitter/autoload/nvim_treesitter.vim
138.172  000.026  000.026: sourcing /home/dashie/.local/share/nvim/site/pack/packer/opt/rust.vim/ftdetect/rust.vim
138.182  000.923  000.873: sourcing /home/dashie/.config/nvim/plugin/packer_compiled.vim
138.251  000.008  000.008: sourcing /home/dashie/.local/share/nvim/site/pack/packer/start/nvim-web-devicons/plugin/nvim-web-devicons.vim
138.298  000.008  000.008: sourcing /home/dashie/.local/share/nvim/site/pack/packer/start/nvim-tree.lua/plugin/tree.vim
138.453  000.010  000.010: sourcing /usr/share/nvim/runtime/plugin/gzip.vim
138.470  000.008  000.008: sourcing /usr/share/nvim/runtime/plugin/health.vim
138.484  000.006  000.006: sourcing /usr/share/nvim/runtime/plugin/man.vim
138.946  000.160  000.160: sourcing /usr/share/nvim/runtime/pack/dist/opt/matchit/plugin/matchit.vim
138.977  000.485  000.325: sourcing /usr/share/nvim/runtime/plugin/matchit.vim
138.997  000.010  000.010: sourcing /usr/share/nvim/runtime/plugin/matchparen.vim
139.017  000.011  000.011: sourcing /usr/share/nvim/runtime/plugin/netrwPlugin.vim
139.136  000.007  000.007: sourcing /home/dashie/.local/share/nvim/rplugin.vim
139.140  000.098  000.091: sourcing /usr/share/nvim/runtime/plugin/rplugin.vim
139.154  000.006  000.006: sourcing /usr/share/nvim/runtime/plugin/shada.vim
139.178  000.015  000.015: sourcing /usr/share/nvim/runtime/plugin/spellfile.vim
139.196  000.010  000.010: sourcing /usr/share/nvim/runtime/plugin/tarPlugin.vim
139.259  000.055  000.055: sourcing /usr/share/nvim/runtime/plugin/tohtml.vim
139.284  000.013  000.013: sourcing /usr/share/nvim/runtime/plugin/tutor.vim
139.305  000.011  000.011: sourcing /usr/share/nvim/runtime/plugin/zipPlugin.vim
139.799  000.445  000.445: sourcing /usr/share/vim/vimfiles/plugin/fzf.vim
139.803  002.144: loading plugins
140.416  000.011  000.011: sourcing /home/dashie/.local/share/nvim/site/pack/packer/start/barbar.nvim/autoload/bufferline.vim
140.780  000.046  000.046: sourcing /home/dashie/.local/share/nvim/site/pack/packer/start/barbar.nvim/autoload/bufferline/highlight.vim
143.592  003.490  003.432: sourcing /home/dashie/.local/share/nvim/site/pack/packer/start/barbar.nvim/plugin/bufferline.vim
144.021  000.199  000.199: sourcing /home/dashie/.local/share/nvim/site/pack/packer/start/blamer.nvim/autoload/blamer.vim
144.118  000.463  000.263: sourcing /home/dashie/.local/share/nvim/site/pack/packer/start/blamer.nvim/plugin/blamer.vim
144.365  000.180  000.180: sourcing /home/dashie/.local/share/nvim/site/pack/packer/start/dashboard-nvim/plugin/dashboard.vim
144.516  000.094  000.094: sourcing /home/dashie/.local/share/nvim/site/pack/packer/start/galaxyline.nvim/plugin/galaxyline.vim
144.777  000.011  000.011: sourcing /home/dashie/.local/share/nvim/site/pack/packer/start/indent-blankline.nvim/autoload/indent_blankline/helper.vim
146.058  001.442  001.431: sourcing /home/dashie/.local/share/nvim/site/pack/packer/start/indent-blankline.nvim/plugin/indent_blankline.vim
146.455  000.295  000.295: sourcing /home/dashie/.local/share/nvim/site/pack/packer/start/lspsaga.nvim/plugin/lspsaga.vim
149.417  002.902  002.902: sourcing /home/dashie/.local/share/nvim/site/pack/packer/start/nerdcommenter/plugin/NERD_commenter.vim
149.488  000.012  000.012: sourcing /home/dashie/.local/share/nvim/site/pack/packer/start/nvim-autopairs/plugin/nvim-autopairs.vim
149.568  000.027  000.027: sourcing /home/dashie/.local/share/nvim/site/pack/packer/start/nvim-colorizer.lua/plugin/colorizer.vim
149.706  000.088  000.088: sourcing /home/dashie/.local/share/nvim/site/pack/packer/start/nvim-compe/plugin/compe.vim
149.818  000.060  000.060: sourcing /home/dashie/.local/share/nvim/site/pack/packer/start/nvim-lspconfig/plugin/lspconfig.vim
149.890  000.010  000.010: sourcing /home/dashie/.local/share/nvim/site/pack/packer/start/nvim-tree.lua/plugin/tree.vim
150.615  000.677  000.677: sourcing /home/dashie/.local/share/nvim/site/pack/packer/start/nvim-treesitter/plugin/nvim-treesitter.vim
150.668  000.016  000.016: sourcing /home/dashie/.local/share/nvim/site/pack/packer/start/nvim-treesitter/ftdetect/query.vim
150.722  000.008  000.008: sourcing /home/dashie/.local/share/nvim/site/pack/packer/start/nvim-web-devicons/plugin/nvim-web-devicons.vim
152.209  001.411  001.411: sourcing /home/dashie/.local/share/nvim/site/pack/packer/start/plenary.nvim/plugin/plenary.vim
152.547  000.262  000.262: sourcing /home/dashie/.local/share/nvim/site/pack/packer/start/quick-scope/plugin/quick_scope.vim
153.044  000.377  000.377: sourcing /home/dashie/.local/share/nvim/site/pack/packer/start/telescope.nvim/plugin/telescope.vim
153.298  000.068  000.068: sourcing /home/dashie/.local/share/nvim/site/pack/packer/start/ultisnips/autoload/UltiSnips/map_keys.vim
153.350  000.250  000.182: sourcing /home/dashie/.local/share/nvim/site/pack/packer/start/ultisnips/plugin/UltiSnips.vim
153.399  000.013  000.013: sourcing /home/dashie/.local/share/nvim/site/pack/packer/start/ultisnips/ftdetect/snippets.vim
154.774  001.331  001.331: sourcing /home/dashie/.local/share/nvim/site/pack/packer/start/vim-devicons/plugin/webdevicons.vim
155.967  001.130  001.130: sourcing /home/dashie/.local/share/nvim/site/pack/packer/start/vim-fugitive/plugin/fugitive.vim
156.028  000.009  000.009: sourcing /home/dashie/.local/share/nvim/site/pack/packer/start/vim-fugitive/ftdetect/fugitive.vim
156.089  000.017  000.017: sourcing /home/dashie/.local/share/nvim/site/pack/packer/start/vim-matchit/plugin/matchit.vim
156.242  000.105  000.105: sourcing /home/dashie/.local/share/nvim/site/pack/packer/start/vim-slash/plugin/slash.vim
157.258  000.966  000.966: sourcing /home/dashie/.local/share/nvim/site/pack/packer/start/vim-sneak/plugin/sneak.vim
157.620  000.301  000.301: sourcing /home/dashie/.local/share/nvim/site/pack/packer/start/vim-surround/plugin/surround.vim
157.982  000.298  000.298: sourcing /home/dashie/.local/share/nvim/site/pack/packer/start/vim-vsnip/plugin/vsnip.vim
158.116  000.077  000.077: sourcing /home/dashie/.local/share/nvim/site/pack/packer/start/vim-which-key/plugin/which_key.vim
158.193  002.080: loading packages
158.321  000.068  000.068: sourcing /home/dashie/.local/share/nvim/site/pack/packer/start/ultisnips/after/plugin/UltiSnips_after.vim
159.237  000.684  000.684: sourcing /home/dashie/.local/share/nvim/site/pack/packer/start/nvim-compe/after/plugin/compe_buffer.vim
159.743  000.492  000.492: sourcing /home/dashie/.local/share/nvim/site/pack/packer/start/nvim-compe/after/plugin/compe_calc.vim
160.231  000.475  000.475: sourcing /home/dashie/.local/share/nvim/site/pack/packer/start/nvim-compe/after/plugin/compe_emoji.vim
161.291  001.046  001.046: sourcing /home/dashie/.local/share/nvim/site/pack/packer/start/nvim-compe/after/plugin/compe_luasnip.vim
161.980  000.676  000.676: sourcing /home/dashie/.local/share/nvim/site/pack/packer/start/nvim-compe/after/plugin/compe_nvim_lsp.vim
162.513  000.519  000.519: sourcing /home/dashie/.local/share/nvim/site/pack/packer/start/nvim-compe/after/plugin/compe_nvim_lua.vim
163.021  000.493  000.493: sourcing /home/dashie/.local/share/nvim/site/pack/packer/start/nvim-compe/after/plugin/compe_omni.vim
163.588  000.553  000.553: sourcing /home/dashie/.local/share/nvim/site/pack/packer/start/nvim-compe/after/plugin/compe_path.vim
165.970  002.362  002.362: sourcing /home/dashie/.local/share/nvim/site/pack/packer/start/nvim-compe/after/plugin/compe_snippets_nvim.vim
166.475  000.490  000.490: sourcing /home/dashie/.local/share/nvim/site/pack/packer/start/nvim-compe/after/plugin/compe_spell.vim
166.995  000.506  000.506: sourcing /home/dashie/.local/share/nvim/site/pack/packer/start/nvim-compe/after/plugin/compe_tags.vim
167.804  000.795  000.795: sourcing /home/dashie/.local/share/nvim/site/pack/packer/start/nvim-compe/after/plugin/compe_treesitter.vim
168.357  000.538  000.538: sourcing /home/dashie/.local/share/nvim/site/pack/packer/start/nvim-compe/after/plugin/compe_ultisnips.vim
168.387  000.016  000.016: sourcing /home/dashie/.local/share/nvim/site/pack/packer/start/nvim-compe/after/plugin/compe_vim_lsc.vim
168.414  000.013  000.013: sourcing /home/dashie/.local/share/nvim/site/pack/packer/start/nvim-compe/after/plugin/compe_vim_lsp.vim
168.927  000.501  000.501: sourcing /home/dashie/.local/share/nvim/site/pack/packer/start/nvim-compe/after/plugin/compe_vsnip.vim
168.990  000.570: loading after plugins
169.001  000.011: inits 3
170.352  001.351: reading ShaDa
170.986  000.014  000.014: sourcing /home/dashie/.local/share/nvim/site/pack/packer/start/indent-blankline.nvim/autoload/indent_blankline.vim
171.516  001.151: opening buffers
182.363  000.179  000.179: sourcing /home/dashie/.local/share/nvim/site/pack/packer/start/quick-scope/autoload/quick_scope.vim
182.518  010.823: BufEnter autocommands
182.523  000.004: editing files in windows
183.499  000.097  000.097: sourcing /home/dashie/.local/share/nvim/site/pack/packer/start/dashboard-nvim/autoload/dashboard.vim
183.972  000.042  000.042: sourcing /home/dashie/.local/share/nvim/site/pack/packer/start/barbar.nvim/autoload/bufferline/animate.vim
184.561  000.021  000.021: sourcing /home/dashie/.local/share/nvim/site/pack/packer/start/dashboard-nvim/autoload/dashboard/utils.vim
184.761  000.039  000.039: sourcing /home/dashie/.local/share/nvim/site/pack/packer/start/dashboard-nvim/autoload/dashboard/header.vim
185.728  000.082  000.082: sourcing /home/dashie/.local/share/nvim/site/pack/packer/start/dashboard-nvim/autoload/dashboard/section.vim
186.727  000.156  000.156: sourcing /usr/share/nvim/runtime/autoload/provider/clipboard.vim
188.613  000.100  000.100: sourcing /home/dashie/.local/share/nvim/site/pack/packer/start/dashboard-nvim/syntax/dashboard.vim
188.875  000.009  000.009: sourcing /home/dashie/.local/share/nvim/site/pack/packer/start/dashboard-nvim/syntax/dashboard.vim
191.209  008.141: VimEnter autocommands
191.213  000.004: UIEnter autocommands
191.216  000.003: before starting main loop
192.109  000.180  000.180: sourcing /home/dashie/.local/share/nvim/site/pack/packer/start/vim-vsnip/autoload/vital/vsnip.vim
192.263  000.060  000.060: sourcing /home/dashie/.local/share/nvim/site/pack/packer/start/vim-vsnip/autoload/vital/_vsnip/VS/LSP/Position.vim
192.321  000.017  000.017: sourcing /home/dashie/.local/share/nvim/site/pack/packer/start/vim-vsnip/autoload/vital/_vsnip.vim
192.546  000.653  000.396: sourcing /home/dashie/.local/share/nvim/site/pack/packer/start/vim-vsnip/autoload/vsnip/snippet.vim
192.719  000.089  000.089: sourcing /home/dashie/.local/share/nvim/site/pack/packer/start/vim-vsnip/autoload/vital/_vsnip/VS/LSP/TextEdit.vim
192.886  000.036  000.036: sourcing /home/dashie/.local/share/nvim/site/pack/packer/start/vim-vsnip/autoload/vital/_vsnip/VS/LSP/Text.vim
193.095  000.064  000.064: sourcing /home/dashie/.local/share/nvim/site/pack/packer/start/vim-vsnip/autoload/vital/_vsnip/VS/Vim/Buffer.vim
193.258  000.035  000.035: sourcing /home/dashie/.local/share/nvim/site/pack/packer/start/vim-vsnip/autoload/vital/_vsnip/VS/Vim/Option.vim
193.525  000.105  000.105: sourcing /home/dashie/.local/share/nvim/site/pack/packer/start/vim-vsnip/autoload/vital/_vsnip/VS/LSP/Diff.vim
193.658  001.801  000.819: sourcing /home/dashie/.local/share/nvim/site/pack/packer/start/vim-vsnip/autoload/vsnip/session.vim
193.796  001.977  000.177: sourcing /home/dashie/.local/share/nvim/site/pack/packer/start/vim-vsnip/autoload/vsnip.vim
195.227  002.034: first screen update
195.229  000.003: --- NVIM STARTED ---
