

times in msec
 clock   self+sourced   self:  sourced script
 clock   elapsed:              other lines

000.006  000.006: --- NVIM STARTING ---
000.190  000.184: locale set
000.387  000.197: inits 1
000.397  000.010: window checked
000.399  000.002: parsing arguments
000.424  000.025: expanding arguments
000.452  000.028: inits 2
000.720  000.268: init highlight
000.721  000.001: waiting for UI
001.216  000.495: done waiting for UI
001.237  000.021: initialized screen early for UI
001.328  000.008  000.008: sourcing /usr/share/nvim/archlinux.vim
001.331  000.027  000.019: sourcing /etc/xdg//nvim/sysinit.vim
009.888  000.244  000.244: sourcing /usr/share/nvim/runtime/syntax/syncolor.vim
011.533  005.111  004.866: sourcing /home/dashie/.local/share/nvim/site/pack/packer/start/gruvbox-flat.nvim/colors/gruvbox-flat.vim
012.101  000.041  000.041: sourcing /home/dashie/.local/share/nvim/site/pack/packer/opt/rust.vim/ftdetect/rust.vim
012.136  000.011  000.011: sourcing /home/dashie/.local/share/nvim/site/pack/packer/opt/yats.vim/ftdetect/typescript.vim
012.165  000.010  000.010: sourcing /home/dashie/.local/share/nvim/site/pack/packer/opt/yats.vim/ftdetect/typescriptreact.vim
036.885  000.055  000.055: sourcing /home/dashie/.local/share/nvim/site/pack/packer/start/nvim-web-devicons/plugin/nvim-web-devicons.vim
054.580  053.235  048.007: sourcing /home/dashie/.config/nvim/init.lua
054.595  000.097: sourcing vimrc file(s)
058.505  000.010  000.010: sourcing /usr/share/vim/vimfiles/ftdetect/PKGBUILD.vim
058.533  000.016  000.016: sourcing /usr/share/vim/vimfiles/ftdetect/meson.vim
058.551  000.009  000.009: sourcing /usr/share/vim/vimfiles/ftdetect/pullrequest.vim
058.706  000.008  000.008: sourcing /home/dashie/.local/share/nvim/site/pack/packer/start/nvim-treesitter/ftdetect/gdscript.vim
058.722  000.007  000.007: sourcing /home/dashie/.local/share/nvim/site/pack/packer/start/nvim-treesitter/ftdetect/gomod.vim
058.746  000.013  000.013: sourcing /home/dashie/.local/share/nvim/site/pack/packer/start/nvim-treesitter/ftdetect/query.vim
059.074  004.448  004.385: sourcing /usr/share/nvim/runtime/filetype.vim
059.277  000.023  000.023: sourcing /usr/share/nvim/runtime/ftplugin.vim
059.498  000.022  000.022: sourcing /usr/share/nvim/runtime/indent.vim
061.763  000.151  000.151: sourcing /usr/share/nvim/runtime/syntax/syncolor.vim
062.496  000.125  000.125: sourcing /usr/share/nvim/runtime/syntax/syncolor.vim
063.215  003.375  003.100: sourcing /home/dashie/.local/share/nvim/site/pack/packer/start/gruvbox-flat.nvim/colors/gruvbox-flat.vim
063.695  003.994  000.619: sourcing /usr/share/nvim/runtime/syntax/synload.vim
063.755  004.093  000.099: sourcing /usr/share/nvim/runtime/syntax/syntax.vim
064.688  000.010  000.010: sourcing /home/dashie/.local/share/nvim/site/pack/packer/start/nvim-web-devicons/plugin/nvim-web-devicons.vim
065.142  000.300  000.300: sourcing /usr/share/nvim/runtime/plugin/gzip.vim
065.162  000.007  000.007: sourcing /usr/share/nvim/runtime/plugin/health.vim
065.295  000.123  000.123: sourcing /usr/share/nvim/runtime/plugin/man.vim
065.699  000.147  000.147: sourcing /usr/share/nvim/runtime/pack/dist/opt/matchit/plugin/matchit.vim
065.766  000.460  000.312: sourcing /usr/share/nvim/runtime/plugin/matchit.vim
065.997  000.220  000.220: sourcing /usr/share/nvim/runtime/plugin/matchparen.vim
066.343  000.331  000.331: sourcing /usr/share/nvim/runtime/plugin/netrwPlugin.vim
066.489  000.007  000.007: sourcing /home/dashie/.local/share/nvim/rplugin.vim
066.494  000.110  000.103: sourcing /usr/share/nvim/runtime/plugin/rplugin.vim
066.587  000.081  000.081: sourcing /usr/share/nvim/runtime/plugin/shada.vim
066.624  000.017  000.017: sourcing /usr/share/nvim/runtime/plugin/spellfile.vim
066.742  000.103  000.103: sourcing /usr/share/nvim/runtime/plugin/tarPlugin.vim
066.813  000.053  000.053: sourcing /usr/share/nvim/runtime/plugin/tohtml.vim
066.842  000.013  000.013: sourcing /usr/share/nvim/runtime/plugin/tutor.vim
066.986  000.127  000.127: sourcing /usr/share/nvim/runtime/plugin/zipPlugin.vim
067.423  000.380  000.380: sourcing /usr/share/vim/vimfiles/plugin/fzf.vim
067.631  002.116: loading plugins
068.098  000.011  000.011: sourcing /home/dashie/.local/share/nvim/site/pack/packer/start/barbar.nvim/autoload/bufferline.vim
068.378  000.036  000.036: sourcing /home/dashie/.local/share/nvim/site/pack/packer/start/barbar.nvim/autoload/bufferline/highlight.vim
070.851  003.011  002.964: sourcing /home/dashie/.local/share/nvim/site/pack/packer/start/barbar.nvim/plugin/bufferline.vim
071.453  000.505  000.505: sourcing /home/dashie/.local/share/nvim/site/pack/packer/start/beacon.nvim/plugin/beacon.vim
071.730  000.178  000.178: sourcing /home/dashie/.local/share/nvim/site/pack/packer/start/dashboard-nvim/plugin/dashboard.vim
071.912  000.097  000.097: sourcing /home/dashie/.local/share/nvim/site/pack/packer/start/galaxyline.nvim/plugin/galaxyline.vim
072.324  000.234  000.234: sourcing /home/dashie/.local/share/nvim/site/pack/packer/start/lspsaga.nvim/plugin/lspsaga.vim
074.939  002.483  002.483: sourcing /home/dashie/.local/share/nvim/site/pack/packer/start/nerdcommenter/plugin/NERD_commenter.vim
075.264  000.236  000.236: sourcing /home/dashie/.local/share/nvim/site/pack/packer/start/nvim-autopairs/plugin/nvim-autopairs.vim
075.374  000.025  000.025: sourcing /home/dashie/.local/share/nvim/site/pack/packer/start/nvim-colorizer.lua/plugin/colorizer.vim
075.513  000.059  000.059: sourcing /home/dashie/.local/share/nvim/site/pack/packer/start/nvim-lspconfig/plugin/lspconfig.vim
076.353  000.758  000.758: sourcing /home/dashie/.local/share/nvim/site/pack/packer/start/nvim-treesitter/plugin/nvim-treesitter.vim
076.462  000.010  000.010: sourcing /home/dashie/.local/share/nvim/site/pack/packer/start/nvim-treesitter/ftdetect/gdscript.vim
076.493  000.017  000.017: sourcing /home/dashie/.local/share/nvim/site/pack/packer/start/nvim-treesitter/ftdetect/gomod.vim
076.521  000.014  000.014: sourcing /home/dashie/.local/share/nvim/site/pack/packer/start/nvim-treesitter/ftdetect/query.vim
077.774  001.194  001.194: sourcing /home/dashie/.local/share/nvim/site/pack/packer/start/nvim-treesitter-textobjects/plugin/nvim-treesitter-textobjects.vim
077.886  000.010  000.010: sourcing /home/dashie/.local/share/nvim/site/pack/packer/start/nvim-web-devicons/plugin/nvim-web-devicons.vim
078.337  000.375  000.375: sourcing /home/dashie/.local/share/nvim/site/pack/packer/start/quick-scope/plugin/quick_scope.vim
078.590  000.111  000.111: sourcing /home/dashie/.local/share/nvim/site/pack/packer/start/vim-slash/plugin/slash.vim
078.931  000.258  000.258: sourcing /home/dashie/.local/share/nvim/site/pack/packer/start/vim-surround/plugin/surround.vim
079.042  000.014  000.014: sourcing /home/dashie/.local/share/nvim/site/pack/packer/start/which-key.nvim/plugin/which-key.vim
079.146  001.928: loading packages
079.286  000.140: loading after plugins
079.296  000.010: inits 3
080.719  001.423: reading ShaDa
080.990  000.271: opening buffers
081.356  000.109  000.109: sourcing /home/dashie/.local/share/nvim/site/pack/packer/start/quick-scope/autoload/quick_scope.vim
081.376  000.277: BufEnter autocommands
081.378  000.002: editing files in windows
082.179  000.074  000.074: sourcing /home/dashie/.local/share/nvim/site/pack/packer/start/dashboard-nvim/autoload/dashboard.vim
082.437  000.030  000.030: sourcing /home/dashie/.local/share/nvim/site/pack/packer/start/barbar.nvim/autoload/bufferline/animate.vim
082.788  000.015  000.015: sourcing /home/dashie/.local/share/nvim/site/pack/packer/start/dashboard-nvim/autoload/dashboard/utils.vim
082.912  000.032  000.032: sourcing /home/dashie/.local/share/nvim/site/pack/packer/start/dashboard-nvim/autoload/dashboard/header.vim
083.347  000.073  000.073: sourcing /home/dashie/.local/share/nvim/site/pack/packer/start/dashboard-nvim/autoload/dashboard/section.vim
083.891  000.129  000.129: sourcing /usr/share/nvim/runtime/autoload/provider/clipboard.vim
087.540  000.071  000.071: sourcing /home/dashie/.local/share/nvim/site/pack/packer/start/dashboard-nvim/syntax/dashboard.vim
087.747  000.008  000.008: sourcing /home/dashie/.local/share/nvim/site/pack/packer/start/dashboard-nvim/syntax/dashboard.vim
098.352  016.542: VimEnter autocommands
098.358  000.006: UIEnter autocommands
098.362  000.004: before starting main loop
099.438  001.076: first screen update
099.440  000.002: --- NVIM STARTED ---
